<?xml version="1.0" encoding="UTF-8"?>
<testsuite xmlns:xsi="http://www.w3.org/2001/XMLSchema-instance" xsi:noNamespaceSchemaLocation="https://maven.apache.org/surefire/maven-surefire-plugin/xsd/surefire-test-report.xsd" name="org.ebmdev.junitapp.ejemplos.models.CuentaTest" time="3.451" tests="62" errors="0" skipped="5" failures="0">
  <properties>
[...]
</properties>
  <testcase name="timeOutTest" classname="org.ebmdev.junitapp.ejemplos.models.CuentaTest$timeOutTests" time="1.026"/>
  <testcase name="timeOutTest2" classname="org.ebmdev.junitapp.ejemplos.models.CuentaTest$timeOutTests" time="0.963"/>
  <testcase name="timeOutAssertionsTest" classname="org.ebmdev.junitapp.ejemplos.models.CuentaTest$timeOutTests" time="0.961"/>
  <testcase name="testDebitoCuentaCsvSource2{String, String}[1]" classname="org.ebmdev.junitapp.ejemplos.models.CuentaTest$ParameterizedTests" time="0.019"/>
  <testcase name="testDebitoCuentaCsvSource2{String, String}[2]" classname="org.ebmdev.junitapp.ejemplos.models.CuentaTest$ParameterizedTests" time="0.002"/>
  <testcase name="testDebitoCuentaCsvSource2{String, String}[3]" classname="org.ebmdev.junitapp.ejemplos.models.CuentaTest$ParameterizedTests" time="0.001"/>
  <testcase name="testDebitoCuentaCsvSource2{String, String}[4]" classname="org.ebmdev.junitapp.ejemplos.models.CuentaTest$ParameterizedTests" time="0.002"/>
  <testcase name="testDebitoCuentaCsvSource2{String, String}[5]" classname="org.ebmdev.junitapp.ejemplos.models.CuentaTest$ParameterizedTests" time="0"/>
  <testcase name="testDebitoCuentaCsvSource{String, String}[1]" classname="org.ebmdev.junitapp.ejemplos.models.CuentaTest$ParameterizedTests" time="0.005"/>
  <testcase name="testDebitoCuentaCsvSource{String, String}[2]" classname="org.ebmdev.junitapp.ejemplos.models.CuentaTest$ParameterizedTests" time="0.001"/>
  <testcase name="testDebitoCuentaCsvSource{String, String}[3]" classname="org.ebmdev.junitapp.ejemplos.models.CuentaTest$ParameterizedTests" time="0.005"/>
  <testcase name="testDebitoCuentaCsvSource{String, String}[4]" classname="org.ebmdev.junitapp.ejemplos.models.CuentaTest$ParameterizedTests" time="0"/>
  <testcase name="testDebitoCuentaCsvSource{String, String}[5]" classname="org.ebmdev.junitapp.ejemplos.models.CuentaTest$ParameterizedTests" time="0.001"/>
  <testcase name="testDebitoCuentaCsvFileSource{String}[1]" classname="org.ebmdev.junitapp.ejemplos.models.CuentaTest$ParameterizedTests" time="0.004"/>
  <testcase name="testDebitoCuentaCsvFileSource{String}[2]" classname="org.ebmdev.junitapp.ejemplos.models.CuentaTest$ParameterizedTests" time="0.002"/>
  <testcase name="testDebitoCuentaCsvFileSource{String}[3]" classname="org.ebmdev.junitapp.ejemplos.models.CuentaTest$ParameterizedTests" time="0.001"/>
  <testcase name="testDebitoCuentaCsvFileSource{String}[4]" classname="org.ebmdev.junitapp.ejemplos.models.CuentaTest$ParameterizedTests" time="0.002"/>
  <testcase name="testDebitoCuentaCsvFileSource{String}[5]" classname="org.ebmdev.junitapp.ejemplos.models.CuentaTest$ParameterizedTests" time="0.001"/>
  <testcase name="testDebitoCuentaCsvFileSource{String}[6]" classname="org.ebmdev.junitapp.ejemplos.models.CuentaTest$ParameterizedTests" time="0.001"/>
  <testcase name="testDebitoCuentaCsvFileSource{String}[7]" classname="org.ebmdev.junitapp.ejemplos.models.CuentaTest$ParameterizedTests" time="0.002"/>
  <testcase name="testDebitoCuentaCsvFileSource2{String, String}[1]" classname="org.ebmdev.junitapp.ejemplos.models.CuentaTest$ParameterizedTests" time="0.001"/>
  <testcase name="testDebitoCuentaCsvFileSource2{String, String}[2]" classname="org.ebmdev.junitapp.ejemplos.models.CuentaTest$ParameterizedTests" time="0.002"/>
  <testcase name="testDebitoCuentaCsvFileSource2{String, String}[3]" classname="org.ebmdev.junitapp.ejemplos.models.CuentaTest$ParameterizedTests" time="0.001"/>
  <testcase name="testDebitoCuentaCsvFileSource2{String, String}[4]" classname="org.ebmdev.junitapp.ejemplos.models.CuentaTest$ParameterizedTests" time="0.002"/>
  <testcase name="testDebitoCuentaCsvFileSource2{String, String}[5]" classname="org.ebmdev.junitapp.ejemplos.models.CuentaTest$ParameterizedTests" time="0.002"/>
  <testcase name="testDebitoCuentaValueSource{String}[1]" classname="org.ebmdev.junitapp.ejemplos.models.CuentaTest$ParameterizedTests" time="0.003"/>
  <testcase name="testDebitoCuentaValueSource{String}[2]" classname="org.ebmdev.junitapp.ejemplos.models.CuentaTest$ParameterizedTests" time="0.001"/>
  <testcase name="testDebitoCuentaValueSource{String}[3]" classname="org.ebmdev.junitapp.ejemplos.models.CuentaTest$ParameterizedTests" time="0.001"/>
  <testcase name="testDebitoCuentaValueSource{String}[4]" classname="org.ebmdev.junitapp.ejemplos.models.CuentaTest$ParameterizedTests" time="0.003"/>
  <testcase name="testDebitoCuentaValueSource{String}[5]" classname="org.ebmdev.junitapp.ejemplos.models.CuentaTest$ParameterizedTests" time="0.001"/>
  <testcase name="testDebitoCuentaMethodSource{String}[1]" classname="org.ebmdev.junitapp.ejemplos.models.CuentaTest$ParameterizedTests" time="0.002"/>
  <testcase name="testDebitoCuentaMethodSource{String}[2]" classname="org.ebmdev.junitapp.ejemplos.models.CuentaTest$ParameterizedTests" time="0.002"/>
  <testcase name="testDebitoCuentaMethodSource{String}[3]" classname="org.ebmdev.junitapp.ejemplos.models.CuentaTest$ParameterizedTests" time="0.001"/>
  <testcase name="testDebitoCuentaMethodSource{String}[4]" classname="org.ebmdev.junitapp.ejemplos.models.CuentaTest$ParameterizedTests" time="0"/>
  <testcase name="testDebitoCuentaMethodSource{String}[5]" classname="org.ebmdev.junitapp.ejemplos.models.CuentaTest$ParameterizedTests" time="0.002"/>
  <testcase name="testDebitoCuentaRepetir{RepetitionInfo}[1]" classname="org.ebmdev.junitapp.ejemplos.models.CuentaTest$RepeatedTests" time="0.008"/>
  <testcase name="testDebitoCuentaRepetir{RepetitionInfo}[2]" classname="org.ebmdev.junitapp.ejemplos.models.CuentaTest$RepeatedTests" time="0.002"/>
  <testcase name="testDebitoCuentaRepetir{RepetitionInfo}[3]" classname="org.ebmdev.junitapp.ejemplos.models.CuentaTest$RepeatedTests" time="0.002"/>
  <testcase name="testDebitoCuentaRepetir{RepetitionInfo}[4]" classname="org.ebmdev.junitapp.ejemplos.models.CuentaTest$RepeatedTests" time="0.002"/>
  <testcase name="testDebitoCuentaRepetir{RepetitionInfo}[5]" classname="org.ebmdev.junitapp.ejemplos.models.CuentaTest$RepeatedTests" time="0.008"/>
  <testcase name="testSaldoCuentaDev" classname="org.ebmdev.junitapp.ejemplos.models.CuentaTest$CuentaNombreSaldoTest" time="0">
    <skipped message="Assumption failed: assumption is not true" type="org.opentest4j.TestAbortedException">org.opentest4j.TestAbortedException: Assumption failed: assumption is not true
	at org.ebmdev.junitapp.ejemplos.models.CuentaTest$CuentaNombreSaldoTest.testSaldoCuentaDev(CuentaTest.java:224)
</skipped>
    <system-out><![CDATA[Iniciando el test.
Finalizando el test.
]]></system-out>
  </testcase>
  <testcase name="testSaldoCuentaDev2" classname="org.ebmdev.junitapp.ejemplos.models.CuentaTest$CuentaNombreSaldoTest" time="0.001"/>
  <testcase name="testNumeroProcesadores" classname="org.ebmdev.junitapp.ejemplos.models.CuentaTest$EnvVariableTest" time="0.002"/>
  <testcase name="testJavaHome" classname="org.ebmdev.junitapp.ejemplos.models.CuentaTest$EnvVariableTest" time="0"/>
  <testcase name="imprimirVariablesAmbiente" classname="org.ebmdev.junitapp.ejemplos.models.CuentaTest$EnvVariableTest" time="0.036"/>
  <testcase name="testUsernameProperty" classname="org.ebmdev.junitapp.ejemplos.models.CuentaTest$SystemPropertiesTest" time="0.001"/>
  <testcase name="testDev" classname="org.ebmdev.junitapp.ejemplos.models.CuentaTest$SystemPropertiesTest" time="0">
    <skipped message="System property [ENV] does not exist"/>
  </testcase>
  <testcase name="test64BitsArch" classname="org.ebmdev.junitapp.ejemplos.models.CuentaTest$SystemPropertiesTest" time="0.004"/>
  <testcase name="imprimirSystemProperties" classname="org.ebmdev.junitapp.ejemplos.models.CuentaTest$SystemPropertiesTest" time="0.108"/>
  <testcase name="testSoloJDK8" classname="org.ebmdev.junitapp.ejemplos.models.CuentaTest$JavaVersionTest" time="0">
    <skipped message="Disabled on JRE version: 16"/>
  </testcase>
  <testcase name="testSoloJDK16" classname="org.ebmdev.junitapp.ejemplos.models.CuentaTest$JavaVersionTest" time="0"/>
  <testcase name="testNoWindows" classname="org.ebmdev.junitapp.ejemplos.models.CuentaTest$SOTest" time="0">
    <skipped message="Disabled on operating system: Windows 10"/>
  </testcase>
  <testcase name="testSoloLinuxMac" classname="org.ebmdev.junitapp.ejemplos.models.CuentaTest$SOTest" time="0">
    <skipped message="Disabled on operating system: Windows 10"/>
  </testcase>
  <testcase name="testSoloWindows" classname="org.ebmdev.junitapp.ejemplos.models.CuentaTest$SOTest" time="0.001"/>
  <testcase name="testCreditoCuenta" classname="org.ebmdev.junitapp.ejemplos.models.CuentaTest$CuentaBancoTest" time="0"/>
  <testcase name="testDineroInsuficienteExceptionCuenta" classname="org.ebmdev.junitapp.ejemplos.models.CuentaTest$CuentaBancoTest" time="0"/>
  <testcase name="testDebitoCuenta" classname="org.ebmdev.junitapp.ejemplos.models.CuentaTest$CuentaBancoTest" time="0"/>
  <testcase name="testSaldoCuenta" classname="org.ebmdev.junitapp.ejemplos.models.CuentaTest$CuentaBancoTest" time="0"/>
  <testcase name="testTransferirDineroCuenta" classname="org.ebmdev.junitapp.ejemplos.models.CuentaTest$CuentaBancoTest" time="0.001"/>
  <testcase name="testRelacionBancoCuentas" classname="org.ebmdev.junitapp.ejemplos.models.CuentaTest$CuentaBancoTest" time="0"/>
  <testcase name="testReferenciaCuenta" classname="org.ebmdev.junitapp.ejemplos.models.CuentaTest$CuentaBancoTest" time="0.001"/>
  <testcase name="testNombreCuenta" classname="org.ebmdev.junitapp.ejemplos.models.CuentaTest$CuentaBancoTest" time="0"/>
</testsuite>